#
# There is insufficient memory for the Java Runtime Environment to continue.
# Native memory allocation (malloc) failed to allocate 782688 bytes for Chunk::new
# Possible reasons:
#   The system is out of physical RAM or swap space
#   The process is running with CompressedOops enabled, and the Java Heap may be blocking the growth of the native heap
# Possible solutions:
#   Reduce memory load on the system
#   Increase physical memory or swap space
#   Check if swap backing store is full
#   Decrease Java heap size (-Xmx/-Xms)
#   Decrease number of Java threads
#   Decrease Java thread stack sizes (-Xss)
#   Set larger code cache with -XX:ReservedCodeCacheSize=
#   JVM is running with Zero Based Compressed Oops mode in which the Java heap is
#     placed in the first 32GB address space. The Java Heap base address is the
#     maximum limit for the native heap growth. Please use -XX:HeapBaseMinAddress
#     to set the Java Heap base and to place the Java Heap above 32GB virtual address.
# This output file may be truncated or incomplete.
#
#  Out of Memory Error (arena.cpp:189), pid=26032, tid=26912
#
# JRE version: Java(TM) SE Runtime Environment (17.0.12+8) (build 17.0.12+8-LTS-286)
# Java VM: Java HotSpot(TM) 64-Bit Server VM (17.0.12+8-LTS-286, mixed mode, sharing, tiered, compressed oops, compressed class ptrs, g1 gc, windows-amd64)
# No core dump will be written. Minidumps are not enabled by default on client versions of Windows
#

---------------  S U M M A R Y ------------

Command Line: -Dfile.encoding=UTF-8 --module-path=C:\Users\shiva\OneDrive\Documents\NetBeansProjects\bank management system\build\classes bank.management.system.SignUpOne

Host: 12th Gen Intel(R) Core(TM) i5-12450H, 12 cores, 15G,  Windows 11 , 64 bit Build 22621 (10.0.22621.4391)
Time: Sun Jan 26 04:29:24 2025 India Standard Time elapsed time: 0.448861 seconds (0d 0h 0m 0s)

---------------  T H R E A D  ---------------

Current thread (0x0000017cbb0e4c70):  JavaThread "C2 CompilerThread0" daemon [_thread_in_native, id=26912, stack(0x0000003458100000,0x0000003458200000)]


Current CompileTask:
C2:    448 1336   !   4       sun.font.TrueTypeFont::getTableBuffer (215 bytes)

Stack: [0x0000003458100000,0x0000003458200000]
Native frames: (J=compiled Java code, j=interpreted, Vv=VM code, C=native code)
V  [jvm.dll+0x67a04a]
V  [jvm.dll+0x7da4ed]
V  [jvm.dll+0x7dbe33]
V  [jvm.dll+0x7dc4a3]
V  [jvm.dll+0x24508f]
V  [jvm.dll+0xab773]
V  [jvm.dll+0xabd3c]
V  [jvm.dll+0x361bee]
V  [jvm.dll+0x32c431]
V  [jvm.dll+0x32b8ca]
V  [jvm.dll+0x21683f]
V  [jvm.dll+0x215c6f]
V  [jvm.dll+0x1a2960]
V  [jvm.dll+0x22610b]
V  [jvm.dll+0x2242ab]
V  [jvm.dll+0x79075c]
V  [jvm.dll+0x78abea]
V  [jvm.dll+0x678f35]
C  [ucrtbase.dll+0x29333]
C  [KERNEL32.DLL+0x1259d]
C  [ntdll.dll+0x5af38]


---------------  P R O C E S S  ---------------

Threads class SMR info:
_java_thread_list=0x0000017cfe85f030, length=18, elements={
0x0000017cbb0d40b0, 0x0000017cbb0d4ae0, 0x0000017cbb0e1540, 0x0000017cbb0e2e20,
0x0000017cbb0e36f0, 0x0000017cbb0e3fc0, 0x0000017cbb0e4c70, 0x0000017cbb0e6640,
0x0000017cbb0e8f60, 0x0000017cbb1b56d0, 0x0000017cbb2576c0, 0x0000017cbb26c060,
0x0000017cbb2e3880, 0x0000017cbb2e4170, 0x0000017cbb4668d0, 0x0000017cfe594ed0,
0x0000017cfe5958f0, 0x0000017cfe597240
}

Java Threads: ( => current thread )
  0x0000017cbb0d40b0 JavaThread "Reference Handler" daemon [_thread_blocked, id=3464, stack(0x0000003457b00000,0x0000003457c00000)]
  0x0000017cbb0d4ae0 JavaThread "Finalizer" daemon [_thread_blocked, id=27128, stack(0x0000003457c00000,0x0000003457d00000)]
  0x0000017cbb0e1540 JavaThread "Signal Dispatcher" daemon [_thread_blocked, id=14576, stack(0x0000003457d00000,0x0000003457e00000)]
  0x0000017cbb0e2e20 JavaThread "Attach Listener" daemon [_thread_blocked, id=22540, stack(0x0000003457e00000,0x0000003457f00000)]
  0x0000017cbb0e36f0 JavaThread "Service Thread" daemon [_thread_blocked, id=16164, stack(0x0000003457f00000,0x0000003458000000)]
  0x0000017cbb0e3fc0 JavaThread "Monitor Deflation Thread" daemon [_thread_blocked, id=20064, stack(0x0000003458000000,0x0000003458100000)]
=>0x0000017cbb0e4c70 JavaThread "C2 CompilerThread0" daemon [_thread_in_native, id=26912, stack(0x0000003458100000,0x0000003458200000)]
  0x0000017cbb0e6640 JavaThread "C1 CompilerThread0" daemon [_thread_in_native, id=18720, stack(0x0000003458200000,0x0000003458300000)]
  0x0000017cbb0e8f60 JavaThread "Sweeper thread" daemon [_thread_blocked, id=26696, stack(0x0000003458300000,0x0000003458400000)]
  0x0000017cbb1b56d0 JavaThread "Common-Cleaner" daemon [_thread_blocked, id=25860, stack(0x0000003458400000,0x0000003458500000)]
  0x0000017cbb2576c0 JavaThread "C2 CompilerThread1" daemon [_thread_blocked, id=12044, stack(0x0000003458500000,0x0000003458600000)]
  0x0000017cbb26c060 JavaThread "Notification Thread" daemon [_thread_blocked, id=14396, stack(0x0000003458600000,0x0000003458700000)]
  0x0000017cbb2e3880 JavaThread "Java2D Disposer" daemon [_thread_blocked, id=26832, stack(0x0000003458800000,0x0000003458900000)]
  0x0000017cbb2e4170 JavaThread "AWT-Shutdown" [_thread_blocked, id=11372, stack(0x0000003458900000,0x0000003458a00000)]
  0x0000017cbb4668d0 JavaThread "AWT-Windows" daemon [_thread_in_native, id=25504, stack(0x0000003458a00000,0x0000003458b00000)]
  0x0000017cfe594ed0 JavaThread "AWT-EventQueue-0" [_thread_in_Java, id=5696, stack(0x0000003458b00000,0x0000003458c00000)]
  0x0000017cfe5958f0 JavaThread "Image Fetcher 0" daemon [_thread_blocked, id=23816, stack(0x0000003458c00000,0x0000003458d00000)]
  0x0000017cfe597240 JavaThread "DestroyJavaVM" [_thread_blocked, id=26628, stack(0x0000003457400000,0x0000003457500000)]

Other Threads:
  0x0000017cbb0c92a0 VMThread "VM Thread" [stack: 0x0000003457a00000,0x0000003457b00000] [id=9812]
  0x0000017c981690a0 WatcherThread [stack: 0x0000003458700000,0x0000003458800000] [id=21836]
  0x0000017c9810eba0 GCTaskThread "GC Thread#0" [stack: 0x0000003457500000,0x0000003457600000] [id=23244]
  0x0000017c9811f5b0 ConcurrentGCThread "G1 Main Marker" [stack: 0x0000003457600000,0x0000003457700000] [id=23456]
  0x0000017c98120660 ConcurrentGCThread "G1 Conc#0" [stack: 0x0000003457700000,0x0000003457800000] [id=27156]
  0x0000017cbaf7e710 ConcurrentGCThread "G1 Refine#0" [stack: 0x0000003457800000,0x0000003457900000] [id=25156]
  0x0000017cbaf7f040 ConcurrentGCThread "G1 Service" [stack: 0x0000003457900000,0x0000003457a00000] [id=25024]

Threads with active compile tasks:
C2 CompilerThread0      457 1336   !   4       sun.font.TrueTypeFont::getTableBuffer (215 bytes)
C1 CompilerThread0      457 1386       3       sun.java2d.pipe.PixelToParallelogramConverter::normalize (15 bytes)
C2 CompilerThread1      457 1387       4       jdk.internal.misc.Unsafe::getByte (7 bytes)

VM state: not at safepoint (normal execution)

VM Mutex/Monitor currently owned by a thread: None

Heap address: 0x0000000704400000, size: 4028 MB, Compressed Oops mode: Zero based, Oop shift amount: 3

CDS archive(s) mapped at: [0x0000017cbc000000-0x0000017cbcbd0000-0x0000017cbcbd0000), size 12386304, SharedBaseAddress: 0x0000017cbc000000, ArchiveRelocationMode: 1.
Compressed class space mapped at: 0x0000017cbd000000-0x0000017cfd000000, reserved size: 1073741824
Narrow klass base: 0x0000017cbc000000, Narrow klass shift: 0, Narrow klass range: 0x100000000

GC Precious Log:
 CPUs: 12 total, 12 available
 Memory: 16108M
 Large Page Support: Disabled
 NUMA Support: Disabled
 Compressed Oops: Enabled (Zero based)
 Heap Region Size: 2M
 Heap Min Capacity: 8M
 Heap Initial Capacity: 252M
 Heap Max Capacity: 4028M
 Pre-touch: Disabled
 Parallel Workers: 10
 Concurrent Workers: 3
 Concurrent Refinement Workers: 10
 Periodic GC: Disabled

Heap:
 garbage-first heap   total 258048K, used 22528K [0x0000000704400000, 0x0000000800000000)
  region size 2048K, 10 young (20480K), 0 survivors (0K)
 Metaspace       used 10263K, committed 10432K, reserved 1114112K
  class space    used 1254K, committed 1344K, reserved 1048576K

Heap Regions: E=young(eden), S=young(survivor), O=old, HS=humongous(starts), HC=humongous(continues), CS=collection set, F=free, OA=open archive, CA=closed archive, TAMS=top-at-mark-start (previous, next)
|   0|0x0000000704400000, 0x0000000704600000, 0x0000000704600000|100%|HS|  |TAMS 0x0000000704400000, 0x0000000704400000| Complete 
|   1|0x0000000704600000, 0x0000000704800000, 0x0000000704800000|100%|HC|  |TAMS 0x0000000704600000, 0x0000000704600000| Complete 
|   2|0x0000000704800000, 0x0000000704800000, 0x0000000704a00000|  0%| F|  |TAMS 0x0000000704800000, 0x0000000704800000| Untracked 
|   3|0x0000000704a00000, 0x0000000704a00000, 0x0000000704c00000|  0%| F|  |TAMS 0x0000000704a00000, 0x0000000704a00000| Untracked 
|   4|0x0000000704c00000, 0x0000000704c00000, 0x0000000704e00000|  0%| F|  |TAMS 0x0000000704c00000, 0x0000000704c00000| Untracked 
|   5|0x0000000704e00000, 0x0000000704e00000, 0x0000000705000000|  0%| F|  |TAMS 0x0000000704e00000, 0x0000000704e00000| Untracked 
|   6|0x0000000705000000, 0x0000000705000000, 0x0000000705200000|  0%| F|  |TAMS 0x0000000705000000, 0x0000000705000000| Untracked 
|   7|0x0000000705200000, 0x0000000705200000, 0x0000000705400000|  0%| F|  |TAMS 0x0000000705200000, 0x0000000705200000| Untracked 
|   8|0x0000000705400000, 0x0000000705400000, 0x0000000705600000|  0%| F|  |TAMS 0x0000000705400000, 0x0000000705400000| Untracked 
|   9|0x0000000705600000, 0x0000000705600000, 0x0000000705800000|  0%| F|  |TAMS 0x0000000705600000, 0x0000000705600000| Untracked 
|  10|0x0000000705800000, 0x0000000705800000, 0x0000000705a00000|  0%| F|  |TAMS 0x0000000705800000, 0x0000000705800000| Untracked 
|  11|0x0000000705a00000, 0x0000000705a00000, 0x0000000705c00000|  0%| F|  |TAMS 0x0000000705a00000, 0x0000000705a00000| Untracked 
|  12|0x0000000705c00000, 0x0000000705c00000, 0x0000000705e00000|  0%| F|  |TAMS 0x0000000705c00000, 0x0000000705c00000| Untracked 
|  13|0x0000000705e00000, 0x0000000705e00000, 0x0000000706000000|  0%| F|  |TAMS 0x0000000705e00000, 0x0000000705e00000| Untracked 
|  14|0x0000000706000000, 0x0000000706000000, 0x0000000706200000|  0%| F|  |TAMS 0x0000000706000000, 0x0000000706000000| Untracked 
|  15|0x0000000706200000, 0x0000000706200000, 0x0000000706400000|  0%| F|  |TAMS 0x0000000706200000, 0x0000000706200000| Untracked 
|  16|0x0000000706400000, 0x0000000706400000, 0x0000000706600000|  0%| F|  |TAMS 0x0000000706400000, 0x0000000706400000| Untracked 
|  17|0x0000000706600000, 0x0000000706600000, 0x0000000706800000|  0%| F|  |TAMS 0x0000000706600000, 0x0000000706600000| Untracked 
|  18|0x0000000706800000, 0x0000000706800000, 0x0000000706a00000|  0%| F|  |TAMS 0x0000000706800000, 0x0000000706800000| Untracked 
|  19|0x0000000706a00000, 0x0000000706a00000, 0x0000000706c00000|  0%| F|  |TAMS 0x0000000706a00000, 0x0000000706a00000| Untracked 
|  20|0x0000000706c00000, 0x0000000706c00000, 0x0000000706e00000|  0%| F|  |TAMS 0x0000000706c00000, 0x0000000706c00000| Untracked 
|  21|0x0000000706e00000, 0x0000000706e00000, 0x0000000707000000|  0%| F|  |TAMS 0x0000000706e00000, 0x0000000706e00000| Untracked 
|  22|0x0000000707000000, 0x0000000707000000, 0x0000000707200000|  0%| F|  |TAMS 0x0000000707000000, 0x0000000707000000| Untracked 
|  23|0x0000000707200000, 0x0000000707200000, 0x0000000707400000|  0%| F|  |TAMS 0x0000000707200000, 0x0000000707200000| Untracked 
|  24|0x0000000707400000, 0x0000000707400000, 0x0000000707600000|  0%| F|  |TAMS 0x0000000707400000, 0x0000000707400000| Untracked 
|  25|0x0000000707600000, 0x0000000707600000, 0x0000000707800000|  0%| F|  |TAMS 0x0000000707600000, 0x0000000707600000| Untracked 
|  26|0x0000000707800000, 0x0000000707800000, 0x0000000707a00000|  0%| F|  |TAMS 0x0000000707800000, 0x0000000707800000| Untracked 
|  27|0x0000000707a00000, 0x0000000707a00000, 0x0000000707c00000|  0%| F|  |TAMS 0x0000000707a00000, 0x0000000707a00000| Untracked 
|  28|0x0000000707c00000, 0x0000000707c00000, 0x0000000707e00000|  0%| F|  |TAMS 0x0000000707c00000, 0x0000000707c00000| Untracked 
|  29|0x0000000707e00000, 0x0000000707e00000, 0x0000000708000000|  0%| F|  |TAMS 0x0000000707e00000, 0x0000000707e00000| Untracked 
|  30|0x0000000708000000, 0x0000000708000000, 0x0000000708200000|  0%| F|  |TAMS 0x0000000708000000, 0x0000000708000000| Untracked 
|  31|0x0000000708200000, 0x0000000708200000, 0x0000000708400000|  0%| F|  |TAMS 0x0000000708200000, 0x0000000708200000| Untracked 
|  32|0x0000000708400000, 0x0000000708400000, 0x0000000708600000|  0%| F|  |TAMS 0x0000000708400000, 0x0000000708400000| Untracked 
|  33|0x0000000708600000, 0x0000000708600000, 0x0000000708800000|  0%| F|  |TAMS 0x0000000708600000, 0x0000000708600000| Untracked 
|  34|0x0000000708800000, 0x0000000708800000, 0x0000000708a00000|  0%| F|  |TAMS 0x0000000708800000, 0x0000000708800000| Untracked 
|  35|0x0000000708a00000, 0x0000000708a00000, 0x0000000708c00000|  0%| F|  |TAMS 0x0000000708a00000, 0x0000000708a00000| Untracked 
|  36|0x0000000708c00000, 0x0000000708c00000, 0x0000000708e00000|  0%| F|  |TAMS 0x0000000708c00000, 0x0000000708c00000| Untracked 
|  37|0x0000000708e00000, 0x0000000708e00000, 0x0000000709000000|  0%| F|  |TAMS 0x0000000708e00000, 0x0000000708e00000| Untracked 
|  38|0x0000000709000000, 0x0000000709000000, 0x0000000709200000|  0%| F|  |TAMS 0x0000000709000000, 0x0000000709000000| Untracked 
|  39|0x0000000709200000, 0x0000000709200000, 0x0000000709400000|  0%| F|  |TAMS 0x0000000709200000, 0x0000000709200000| Untracked 
|  40|0x0000000709400000, 0x0000000709400000, 0x0000000709600000|  0%| F|  |TAMS 0x0000000709400000, 0x0000000709400000| Untracked 
|  41|0x0000000709600000, 0x0000000709600000, 0x0000000709800000|  0%| F|  |TAMS 0x0000000709600000, 0x0000000709600000| Untracked 
|  42|0x0000000709800000, 0x0000000709800000, 0x0000000709a00000|  0%| F|  |TAMS 0x0000000709800000, 0x0000000709800000| Untracked 
|  43|0x0000000709a00000, 0x0000000709a00000, 0x0000000709c00000|  0%| F|  |TAMS 0x0000000709a00000, 0x0000000709a00000| Untracked 
|  44|0x0000000709c00000, 0x0000000709c00000, 0x0000000709e00000|  0%| F|  |TAMS 0x0000000709c00000, 0x0000000709c00000| Untracked 
|  45|0x0000000709e00000, 0x0000000709e00000, 0x000000070a000000|  0%| F|  |TAMS 0x0000000709e00000, 0x0000000709e00000| Untracked 
|  46|0x000000070a000000, 0x000000070a000000, 0x000000070a200000|  0%| F|  |TAMS 0x000000070a000000, 0x000000070a000000| Untracked 
|  47|0x000000070a200000, 0x000000070a200000, 0x000000070a400000|  0%| F|  |TAMS 0x000000070a200000, 0x000000070a200000| Untracked 
|  48|0x000000070a400000, 0x000000070a400000, 0x000000070a600000|  0%| F|  |TAMS 0x000000070a400000, 0x000000070a400000| Untracked 
|  49|0x000000070a600000, 0x000000070a600000, 0x000000070a800000|  0%| F|  |TAMS 0x000000070a600000, 0x000000070a600000| Untracked 
|  50|0x000000070a800000, 0x000000070a800000, 0x000000070aa00000|  0%| F|  |TAMS 0x000000070a800000, 0x000000070a800000| Untracked 
|  51|0x000000070aa00000, 0x000000070aa00000, 0x000000070ac00000|  0%| F|  |TAMS 0x000000070aa00000, 0x000000070aa00000| Untracked 
|  52|0x000000070ac00000, 0x000000070ac00000, 0x000000070ae00000|  0%| F|  |TAMS 0x000000070ac00000, 0x000000070ac00000| Untracked 
|  53|0x000000070ae00000, 0x000000070ae00000, 0x000000070b000000|  0%| F|  |TAMS 0x000000070ae00000, 0x000000070ae00000| Untracked 
|  54|0x000000070b000000, 0x000000070b000000, 0x000000070b200000|  0%| F|  |TAMS 0x000000070b000000, 0x000000070b000000| Untracked 
|  55|0x000000070b200000, 0x000000070b200000, 0x000000070b400000|  0%| F|  |TAMS 0x000000070b200000, 0x000000070b200000| Untracked 
|  56|0x000000070b400000, 0x000000070b400000, 0x000000070b600000|  0%| F|  |TAMS 0x000000070b400000, 0x000000070b400000| Untracked 
|  57|0x000000070b600000, 0x000000070b600000, 0x000000070b800000|  0%| F|  |TAMS 0x000000070b600000, 0x000000070b600000| Untracked 
|  58|0x000000070b800000, 0x000000070b800000, 0x000000070ba00000|  0%| F|  |TAMS 0x000000070b800000, 0x000000070b800000| Untracked 
|  59|0x000000070ba00000, 0x000000070ba00000, 0x000000070bc00000|  0%| F|  |TAMS 0x000000070ba00000, 0x000000070ba00000| Untracked 
|  60|0x000000070bc00000, 0x000000070bc00000, 0x000000070be00000|  0%| F|  |TAMS 0x000000070bc00000, 0x000000070bc00000| Untracked 
|  61|0x000000070be00000, 0x000000070be00000, 0x000000070c000000|  0%| F|  |TAMS 0x000000070be00000, 0x000000070be00000| Untracked 
|  62|0x000000070c000000, 0x000000070c000000, 0x000000070c200000|  0%| F|  |TAMS 0x000000070c000000, 0x000000070c000000| Untracked 
|  63|0x000000070c200000, 0x000000070c200000, 0x000000070c400000|  0%| F|  |TAMS 0x000000070c200000, 0x000000070c200000| Untracked 
|  64|0x000000070c400000, 0x000000070c400000, 0x000000070c600000|  0%| F|  |TAMS 0x000000070c400000, 0x000000070c400000| Untracked 
|  65|0x000000070c600000, 0x000000070c600000, 0x000000070c800000|  0%| F|  |TAMS 0x000000070c600000, 0x000000070c600000| Untracked 
|  66|0x000000070c800000, 0x000000070c800000, 0x000000070ca00000|  0%| F|  |TAMS 0x000000070c800000, 0x000000070c800000| Untracked 
|  67|0x000000070ca00000, 0x000000070ca00000, 0x000000070cc00000|  0%| F|  |TAMS 0x000000070ca00000, 0x000000070ca00000| Untracked 
|  68|0x000000070cc00000, 0x000000070cc00000, 0x000000070ce00000|  0%| F|  |TAMS 0x000000070cc00000, 0x000000070cc00000| Untracked 
|  69|0x000000070ce00000, 0x000000070ce00000, 0x000000070d000000|  0%| F|  |TAMS 0x000000070ce00000, 0x000000070ce00000| Untracked 
|  70|0x000000070d000000, 0x000000070d000000, 0x000000070d200000|  0%| F|  |TAMS 0x000000070d000000, 0x000000070d000000| Untracked 
|  71|0x000000070d200000, 0x000000070d200000, 0x000000070d400000|  0%| F|  |TAMS 0x000000070d200000, 0x000000070d200000| Untracked 
|  72|0x000000070d400000, 0x000000070d400000, 0x000000070d600000|  0%| F|  |TAMS 0x000000070d400000, 0x000000070d400000| Untracked 
|  73|0x000000070d600000, 0x000000070d600000, 0x000000070d800000|  0%| F|  |TAMS 0x000000070d600000, 0x000000070d600000| Untracked 
|  74|0x000000070d800000, 0x000000070d800000, 0x000000070da00000|  0%| F|  |TAMS 0x000000070d800000, 0x000000070d800000| Untracked 
|  75|0x000000070da00000, 0x000000070da00000, 0x000000070dc00000|  0%| F|  |TAMS 0x000000070da00000, 0x000000070da00000| Untracked 
|  76|0x000000070dc00000, 0x000000070dc00000, 0x000000070de00000|  0%| F|  |TAMS 0x000000070dc00000, 0x000000070dc00000| Untracked 
|  77|0x000000070de00000, 0x000000070de00000, 0x000000070e000000|  0%| F|  |TAMS 0x000000070de00000, 0x000000070de00000| Untracked 
|  78|0x000000070e000000, 0x000000070e000000, 0x000000070e200000|  0%| F|  |TAMS 0x000000070e000000, 0x000000070e000000| Untracked 
|  79|0x000000070e200000, 0x000000070e200000, 0x000000070e400000|  0%| F|  |TAMS 0x000000070e200000, 0x000000070e200000| Untracked 
|  80|0x000000070e400000, 0x000000070e400000, 0x000000070e600000|  0%| F|  |TAMS 0x000000070e400000, 0x000000070e400000| Untracked 
|  81|0x000000070e600000, 0x000000070e600000, 0x000000070e800000|  0%| F|  |TAMS 0x000000070e600000, 0x000000070e600000| Untracked 
|  82|0x000000070e800000, 0x000000070e800000, 0x000000070ea00000|  0%| F|  |TAMS 0x000000070e800000, 0x000000070e800000| Untracked 
|  83|0x000000070ea00000, 0x000000070ea00000, 0x000000070ec00000|  0%| F|  |TAMS 0x000000070ea00000, 0x000000070ea00000| Untracked 
|  84|0x000000070ec00000, 0x000000070ec00000, 0x000000070ee00000|  0%| F|  |TAMS 0x000000070ec00000, 0x000000070ec00000| Untracked 
|  85|0x000000070ee00000, 0x000000070ee00000, 0x000000070f000000|  0%| F|  |TAMS 0x000000070ee00000, 0x000000070ee00000| Untracked 
|  86|0x000000070f000000, 0x000000070f000000, 0x000000070f200000|  0%| F|  |TAMS 0x000000070f000000, 0x000000070f000000| Untracked 
|  87|0x000000070f200000, 0x000000070f200000, 0x000000070f400000|  0%| F|  |TAMS 0x000000070f200000, 0x000000070f200000| Untracked 
|  88|0x000000070f400000, 0x000000070f400000, 0x000000070f600000|  0%| F|  |TAMS 0x000000070f400000, 0x000000070f400000| Untracked 
|  89|0x000000070f600000, 0x000000070f600000, 0x000000070f800000|  0%| F|  |TAMS 0x000000070f600000, 0x000000070f600000| Untracked 
|  90|0x000000070f800000, 0x000000070f800000, 0x000000070fa00000|  0%| F|  |TAMS 0x000000070f800000, 0x000000070f800000| Untracked 
|  91|0x000000070fa00000, 0x000000070fa00000, 0x000000070fc00000|  0%| F|  |TAMS 0x000000070fa00000, 0x000000070fa00000| Untracked 
|  92|0x000000070fc00000, 0x000000070fc00000, 0x000000070fe00000|  0%| F|  |TAMS 0x000000070fc00000, 0x000000070fc00000| Untracked 
|  93|0x000000070fe00000, 0x000000070fe00000, 0x0000000710000000|  0%| F|  |TAMS 0x000000070fe00000, 0x000000070fe00000| Untracked 
|  94|0x0000000710000000, 0x0000000710000000, 0x0000000710200000|  0%| F|  |TAMS 0x0000000710000000, 0x0000000710000000| Untracked 
|  95|0x0000000710200000, 0x0000000710200000, 0x0000000710400000|  0%| F|  |TAMS 0x0000000710200000, 0x0000000710200000| Untracked 
|  96|0x0000000710400000, 0x0000000710400000, 0x0000000710600000|  0%| F|  |TAMS 0x0000000710400000, 0x0000000710400000| Untracked 
|  97|0x0000000710600000, 0x0000000710600000, 0x0000000710800000|  0%| F|  |TAMS 0x0000000710600000, 0x0000000710600000| Untracked 
|  98|0x0000000710800000, 0x0000000710800000, 0x0000000710a00000|  0%| F|  |TAMS 0x0000000710800000, 0x0000000710800000| Untracked 
|  99|0x0000000710a00000, 0x0000000710a00000, 0x0000000710c00000|  0%| F|  |TAMS 0x0000000710a00000, 0x0000000710a00000| Untracked 
| 100|0x0000000710c00000, 0x0000000710c00000, 0x0000000710e00000|  0%| F|  |TAMS 0x0000000710c00000, 0x0000000710c00000| Untracked 
| 101|0x0000000710e00000, 0x0000000710e00000, 0x0000000711000000|  0%| F|  |TAMS 0x0000000710e00000, 0x0000000710e00000| Untracked 
| 102|0x0000000711000000, 0x0000000711000000, 0x0000000711200000|  0%| F|  |TAMS 0x0000000711000000, 0x0000000711000000| Untracked 
| 103|0x0000000711200000, 0x0000000711200000, 0x0000000711400000|  0%| F|  |TAMS 0x0000000711200000, 0x0000000711200000| Untracked 
| 104|0x0000000711400000, 0x0000000711400000, 0x0000000711600000|  0%| F|  |TAMS 0x0000000711400000, 0x0000000711400000| Untracked 
| 105|0x0000000711600000, 0x0000000711600000, 0x0000000711800000|  0%| F|  |TAMS 0x0000000711600000, 0x0000000711600000| Untracked 
| 106|0x0000000711800000, 0x0000000711800000, 0x0000000711a00000|  0%| F|  |TAMS 0x0000000711800000, 0x0000000711800000| Untracked 
| 107|0x0000000711a00000, 0x0000000711a00000, 0x0000000711c00000|  0%| F|  |TAMS 0x0000000711a00000, 0x0000000711a00000| Untracked 
| 108|0x0000000711c00000, 0x0000000711c00000, 0x0000000711e00000|  0%| F|  |TAMS 0x0000000711c00000, 0x0000000711c00000| Untracked 
| 109|0x0000000711e00000, 0x0000000711e00000, 0x0000000712000000|  0%| F|  |TAMS 0x0000000711e00000, 0x0000000711e00000| Untracked 
| 110|0x0000000712000000, 0x0000000712000000, 0x0000000712200000|  0%| F|  |TAMS 0x0000000712000000, 0x0000000712000000| Untracked 
| 111|0x0000000712200000, 0x0000000712200000, 0x0000000712400000|  0%| F|  |TAMS 0x0000000712200000, 0x0000000712200000| Untracked 
| 112|0x0000000712400000, 0x0000000712400000, 0x0000000712600000|  0%| F|  |TAMS 0x0000000712400000, 0x0000000712400000| Untracked 
| 113|0x0000000712600000, 0x0000000712600000, 0x0000000712800000|  0%| F|  |TAMS 0x0000000712600000, 0x0000000712600000| Untracked 
| 114|0x0000000712800000, 0x0000000712800000, 0x0000000712a00000|  0%| F|  |TAMS 0x0000000712800000, 0x0000000712800000| Untracked 
| 115|0x0000000712a00000, 0x0000000712a00000, 0x0000000712c00000|  0%| F|  |TAMS 0x0000000712a00000, 0x0000000712a00000| Untracked 
| 116|0x0000000712c00000, 0x0000000712ce1ce8, 0x0000000712e00000| 44%| E|  |TAMS 0x0000000712c00000, 0x0000000712c00000| Complete 
| 117|0x0000000712e00000, 0x0000000713000000, 0x0000000713000000|100%| E|CS|TAMS 0x0000000712e00000, 0x0000000712e00000| Complete 
| 118|0x0000000713000000, 0x0000000713200000, 0x0000000713200000|100%| E|CS|TAMS 0x0000000713000000, 0x0000000713000000| Complete 
| 119|0x0000000713200000, 0x0000000713400000, 0x0000000713400000|100%| E|CS|TAMS 0x0000000713200000, 0x0000000713200000| Complete 
| 120|0x0000000713400000, 0x0000000713600000, 0x0000000713600000|100%| E|CS|TAMS 0x0000000713400000, 0x0000000713400000| Complete 
| 121|0x0000000713600000, 0x0000000713800000, 0x0000000713800000|100%| E|CS|TAMS 0x0000000713600000, 0x0000000713600000| Complete 
| 122|0x0000000713800000, 0x0000000713a00000, 0x0000000713a00000|100%| E|CS|TAMS 0x0000000713800000, 0x0000000713800000| Complete 
| 123|0x0000000713a00000, 0x0000000713c00000, 0x0000000713c00000|100%| E|CS|TAMS 0x0000000713a00000, 0x0000000713a00000| Complete 
| 124|0x0000000713c00000, 0x0000000713e00000, 0x0000000713e00000|100%| E|CS|TAMS 0x0000000713c00000, 0x0000000713c00000| Complete 
| 125|0x0000000713e00000, 0x0000000714000000, 0x0000000714000000|100%| E|CS|TAMS 0x0000000713e00000, 0x0000000713e00000| Complete 

Card table byte_map: [0x0000017caf690000,0x0000017cafe70000] _byte_map_base: 0x0000017cabe6e000

Marking Bits (Prev, Next): (CMBitMap*) 0x0000017c9810f0c0, (CMBitMap*) 0x0000017c9810f100
 Prev Bits: [0x0000017cb0650000, 0x0000017cb4540000)
 Next Bits: [0x0000017cb4540000, 0x0000017cb8430000)

Polling page: 0x0000017c96020000

Metaspace:

Usage:
  Non-class:      8.80 MB used.
      Class:      1.23 MB used.
       Both:     10.02 MB used.

Virtual space:
  Non-class space:       64.00 MB reserved,       8.88 MB ( 14%) committed,  1 nodes.
      Class space:        1.00 GB reserved,       1.31 MB ( <1%) committed,  1 nodes.
             Both:        1.06 GB reserved,      10.19 MB ( <1%) committed. 

Chunk freelists:
   Non-Class:  7.00 MB
       Class:  14.72 MB
        Both:  21.72 MB

MaxMetaspaceSize: unlimited
CompressedClassSpaceSize: 1.00 GB
Initial GC threshold: 21.00 MB
Current GC threshold: 21.00 MB
CDS: on
MetaspaceReclaimPolicy: balanced
 - commit_granule_bytes: 65536.
 - commit_granule_words: 8192.
 - virtual_space_node_default_size: 8388608.
 - enlarge_chunks_in_place: 1.
 - new_chunks_are_fully_committed: 0.
 - uncommit_free_chunks: 1.
 - use_allocation_guard: 0.
 - handle_deallocations: 1.


Internal statistics:

num_allocs_failed_limit: 0.
num_arena_births: 134.
num_arena_deaths: 0.
num_vsnodes_births: 2.
num_vsnodes_deaths: 0.
num_space_committed: 163.
num_space_uncommitted: 0.
num_chunks_returned_to_freelist: 0.
num_chunks_taken_from_freelist: 205.
num_chunk_merges: 0.
num_chunk_splits: 113.
num_chunks_enlarged: 39.
num_inconsistent_stats: 0.

CodeHeap 'non-profiled nmethods': size=120000Kb used=420Kb max_used=420Kb free=119579Kb
 bounds [0x0000017ca7430000, 0x0000017ca76a0000, 0x0000017cae960000]
CodeHeap 'profiled nmethods': size=120000Kb used=2272Kb max_used=2272Kb free=117727Kb
 bounds [0x0000017c9f960000, 0x0000017c9fbd0000, 0x0000017ca6e90000]
CodeHeap 'non-nmethods': size=5760Kb used=1307Kb max_used=1322Kb free=4452Kb
 bounds [0x0000017ca6e90000, 0x0000017ca7100000, 0x0000017ca7430000]
 total_blobs=2030 nmethods=1386 adapters=557
 compilation: enabled
              stopped_count=0, restarted_count=0
 full_count=0

Compilation events (20 events):
Event: 0.436 Thread 0x0000017cbb0e6640 nmethod 1349 0x0000017c9fb8f990 code [0x0000017c9fb8fb20, 0x0000017c9fb8fc98]
Event: 0.436 Thread 0x0000017cbb0e6640 1351       1       javax.swing.text.AbstractDocument$AbstractElement::getDocument (5 bytes)
Event: 0.436 Thread 0x0000017cbb0e6640 nmethod 1351 0x0000017ca7496190 code [0x0000017ca7496320, 0x0000017ca74963f8]
Event: 0.436 Thread 0x0000017cbb0e6640 1353       3       java.awt.Component::isVisible (5 bytes)
Event: 0.436 Thread 0x0000017cbb0e6640 nmethod 1353 0x0000017c9fb8fd10 code [0x0000017c9fb8fea0, 0x0000017c9fb8ffd8]
Event: 0.436 Thread 0x0000017cbb0e6640 1355       3       java.lang.Double::isNaN (12 bytes)
Event: 0.436 Thread 0x0000017cbb0e6640 nmethod 1355 0x0000017c9fb90090 code [0x0000017c9fb90220, 0x0000017c9fb90398]
Event: 0.436 Thread 0x0000017cbb0e6640 1352       1       javax.swing.text.View::getParent (5 bytes)
Event: 0.436 Thread 0x0000017cbb0e6640 nmethod 1352 0x0000017ca7496910 code [0x0000017ca7496aa0, 0x0000017ca7496b78]
Event: 0.439 Thread 0x0000017cbb0e6640 1356       3       java.lang.Double::doubleToLongBits (16 bytes)
Event: 0.439 Thread 0x0000017cbb0e6640 nmethod 1356 0x0000017c9fb90410 code [0x0000017c9fb905c0, 0x0000017c9fb90818]
Event: 0.440 Thread 0x0000017cbb0e6640 1357       1       java.nio.DirectByteBuffer::isReadOnly (2 bytes)
Event: 0.440 Thread 0x0000017cbb0e6640 nmethod 1357 0x0000017ca7496c10 code [0x0000017ca7496da0, 0x0000017ca7496e78]
Event: 0.440 Thread 0x0000017cbb0e6640 1359       3       java.lang.StrictMath::floorOrCeil (128 bytes)
Event: 0.441 Thread 0x0000017cbb0e6640 nmethod 1359 0x0000017c9fb90910 code [0x0000017c9fb90ae0, 0x0000017c9fb90f78]
Event: 0.441 Thread 0x0000017cbb0e6640 1358       3       sun.awt.SunHints$Value::hashCode (5 bytes)
Event: 0.441 Thread 0x0000017cbb0e6640 nmethod 1358 0x0000017c9fb91090 code [0x0000017c9fb91220, 0x0000017c9fb91348]
Event: 0.446 Thread 0x0000017cbb0e6640 1360       3       jdk.internal.ref.CleanerImpl$PhantomCleanableRef::<init> (12 bytes)
Event: 0.446 Thread 0x0000017cbb0e6640 nmethod 1360 0x0000017c9fb91410 code [0x0000017c9fb915c0, 0x0000017c9fb91768]
Event: 0.448 Thread 0x0000017cbb0e6640 1361   !   3       java.lang.invoke.MethodHandle::setVarargs (25 bytes)

GC Heap History (0 events):
No events

Deoptimization events (20 events):
Event: 0.231 Thread 0x0000017c9809fc00 Uncommon trap: trap_request=0xffffff45 fr.pc=0x0000017ca745a7c4 relative=0x0000000000000224
Event: 0.231 Thread 0x0000017c9809fc00 Uncommon trap: reason=unstable_if action=reinterpret pc=0x0000017ca745a7c4 method=java.util.StringTokenizer.scanToken(I)I @ 42 c2
Event: 0.231 Thread 0x0000017c9809fc00 DEOPT PACKING pc=0x0000017ca745a7c4 sp=0x00000034574fcf30
Event: 0.231 Thread 0x0000017c9809fc00 DEOPT UNPACKING pc=0x0000017ca6ee23a3 sp=0x00000034574fcec0 mode 2
Event: 0.355 Thread 0x0000017cfe594ed0 Uncommon trap: trap_request=0xffffff45 fr.pc=0x0000017ca74848e0 relative=0x00000000000004a0
Event: 0.355 Thread 0x0000017cfe594ed0 Uncommon trap: reason=unstable_if action=reinterpret pc=0x0000017ca74848e0 method=java.lang.StringLatin1.toLowerCase(Ljava/lang/String;[BLjava/util/Locale;)Ljava/lang/String; @ 43 c2
Event: 0.355 Thread 0x0000017cfe594ed0 DEOPT PACKING pc=0x0000017ca74848e0 sp=0x0000003458bfd0e0
Event: 0.355 Thread 0x0000017cfe594ed0 DEOPT UNPACKING pc=0x0000017ca6ee23a3 sp=0x0000003458bfd050 mode 2
Event: 0.415 Thread 0x0000017cfe594ed0 Uncommon trap: trap_request=0xffffff45 fr.pc=0x0000017ca743acb4 relative=0x00000000000001b4
Event: 0.415 Thread 0x0000017cfe594ed0 Uncommon trap: reason=unstable_if action=reinterpret pc=0x0000017ca743acb4 method=java.lang.String.isLatin1()Z @ 10 c2
Event: 0.415 Thread 0x0000017cfe594ed0 DEOPT PACKING pc=0x0000017ca743acb4 sp=0x0000003458bfd0a0
Event: 0.415 Thread 0x0000017cfe594ed0 DEOPT UNPACKING pc=0x0000017ca6ee23a3 sp=0x0000003458bfcfd0 mode 2
Event: 0.422 Thread 0x0000017cfe594ed0 Uncommon trap: trap_request=0xffffff45 fr.pc=0x0000017ca7491380 relative=0x0000000000000440
Event: 0.422 Thread 0x0000017cfe594ed0 Uncommon trap: reason=unstable_if action=reinterpret pc=0x0000017ca7491380 method=java.lang.Character.isSurrogate(C)Z @ 3 c2
Event: 0.422 Thread 0x0000017cfe594ed0 DEOPT PACKING pc=0x0000017ca7491380 sp=0x0000003458bfcd70
Event: 0.422 Thread 0x0000017cfe594ed0 DEOPT UNPACKING pc=0x0000017ca6ee23a3 sp=0x0000003458bfcc88 mode 2
Event: 0.446 Thread 0x0000017cfe594ed0 Uncommon trap: trap_request=0xffffff45 fr.pc=0x0000017ca7490b9c relative=0x00000000000000fc
Event: 0.446 Thread 0x0000017cfe594ed0 Uncommon trap: reason=unstable_if action=reinterpret pc=0x0000017ca7490b9c method=java.lang.ThreadLocal$ThreadLocalMap.getEntry(Ljava/lang/ThreadLocal;)Ljava/lang/ThreadLocal$ThreadLocalMap$Entry; @ 21 c2
Event: 0.446 Thread 0x0000017cfe594ed0 DEOPT PACKING pc=0x0000017ca7490b9c sp=0x0000003458bfd610
Event: 0.446 Thread 0x0000017cfe594ed0 DEOPT UNPACKING pc=0x0000017ca6ee23a3 sp=0x0000003458bfd528 mode 2

Classes unloaded (0 events):
No events

Classes redefined (0 events):
No events

Internal exceptions (18 events):
Event: 0.040 Thread 0x0000017c9809fc00 Exception <a 'sun/nio/fs/WindowsException'{0x0000000713f26328}> (0x0000000713f26328) 
thrown [s\open\src\hotspot\share\prims\jni.cpp, line 516]
Event: 0.040 Thread 0x0000017c9809fc00 Exception <a 'sun/nio/fs/WindowsException'{0x0000000713f268d8}> (0x0000000713f268d8) 
thrown [s\open\src\hotspot\share\prims\jni.cpp, line 516]
Event: 0.041 Thread 0x0000017c9809fc00 Exception <a 'sun/nio/fs/WindowsException'{0x0000000713f28e38}> (0x0000000713f28e38) 
thrown [s\open\src\hotspot\share\prims\jni.cpp, line 516]
Event: 0.041 Thread 0x0000017c9809fc00 Exception <a 'sun/nio/fs/WindowsException'{0x0000000713f299a8}> (0x0000000713f299a8) 
thrown [s\open\src\hotspot\share\prims\jni.cpp, line 516]
Event: 0.058 Thread 0x0000017c9809fc00 Exception <a 'java/lang/ClassNotFoundException'{0x0000000713c4ebb8}: sun/awt/resources/spi/awtProvider> (0x0000000713c4ebb8) 
thrown [s\open\src\hotspot\share\classfile\systemDictionary.cpp, line 256]
Event: 0.069 Thread 0x0000017c9809fc00 Exception <a 'java/io/FileNotFoundException'{0x0000000713ca12e0}> (0x0000000713ca12e0) 
thrown [s\open\src\hotspot\share\prims\jni.cpp, line 516]
Event: 0.073 Thread 0x0000017c9809fc00 Exception <a 'java/io/FileNotFoundException'{0x0000000713cce208}> (0x0000000713cce208) 
thrown [s\open\src\hotspot\share\prims\jni.cpp, line 516]
Event: 0.091 Thread 0x0000017c9809fc00 Exception <a 'java/lang/NoSuchMethodError'{0x0000000713d12538}: 'java.lang.Object java.lang.invoke.DirectMethodHandle$Holder.invokeStaticInit(java.lang.Object)'> (0x0000000713d12538) 
thrown [s\open\src\hotspot\share\interpreter\linkResolver.cpp, line 759]
Event: 0.139 Thread 0x0000017c9809fc00 Exception <a 'java/lang/NoSuchMethodError'{0x0000000713dcf7b0}: 'void java.lang.invoke.DirectMethodHandle$Holder.invokeSpecial(java.lang.Object, java.lang.Object, java.lang.Object)'> (0x0000000713dcf7b0) 
thrown [s\open\src\hotspot\share\interpreter\linkResolver.cpp, line 759]
Event: 0.143 Thread 0x0000017c9809fc00 Exception <a 'java/lang/NoSuchMethodError'{0x0000000713df98e0}: 'java.lang.Object java.lang.invoke.DirectMethodHandle$Holder.newInvokeSpecial(java.lang.Object, java.lang.Object, java.lang.Object, java.lang.Object, java.lang.Object)'> (0x0000000713df98e0) 
thrown [s\open\src\hotspot\share\interpreter\linkResolver.cpp, line 759]
Event: 0.145 Thread 0x0000017c9809fc00 Exception <a 'java/lang/NoSuchMethodError'{0x0000000713a05748}: 'java.lang.Object java.lang.invoke.DirectMethodHandle$Holder.invokeStatic(java.lang.Object, int, java.lang.Object, java.lang.Object, java.lang.Object, java.lang.Object)'> (0x0000000713a05748) 
thrown [s\open\src\hotspot\share\interpreter\linkResolver.cpp, line 759]
Event: 0.147 Thread 0x0000017c9809fc00 Exception <a 'java/lang/NoSuchMethodError'{0x0000000713a2af08}: 'java.lang.Object java.lang.invoke.DirectMethodHandle$Holder.invokeStatic(java.lang.Object, int, java.lang.Object)'> (0x0000000713a2af08) 
thrown [s\open\src\hotspot\share\interpreter\linkResolver.cpp, line 759]
Event: 0.162 Thread 0x0000017c9809fc00 Exception <a 'java/lang/ClassNotFoundException'{0x0000000713ae2b80}: com/sun/swing/internal/plaf/metal/resources/spi/metalProvider> (0x0000000713ae2b80) 
thrown [s\open\src\hotspot\share\classfile\systemDictionary.cpp, line 256]
Event: 0.163 Thread 0x0000017c9809fc00 Exception <a 'java/lang/ClassNotFoundException'{0x0000000713ae6988}: com/sun/swing/internal/plaf/basic/resources/spi/basicProvider> (0x0000000713ae6988) 
thrown [s\open\src\hotspot\share\classfile\systemDictionary.cpp, line 256]
Event: 0.287 Thread 0x0000017cfe5958f0 Exception <a 'java/lang/NoSuchMethodError'{0x0000000713767280}: 'java.lang.Object java.lang.invoke.DirectMethodHandle$Holder.newInvokeSpecial(java.lang.Object, java.lang.Object, java.lang.Object, int, int, int, int, int)'> (0x0000000713767280) 
thrown [s\open\src\hotspot\share\interpreter\linkResolver.cpp, line 759]
Event: 0.298 Thread 0x0000017cbb4668d0 Exception <a 'java/lang/NoSuchMethodError'{0x0000000713d61e10}: 'void java.lang.invoke.DirectMethodHandle$Holder.invokeVirtual(java.lang.Object, java.lang.Object)'> (0x0000000713d61e10) 
thrown [s\open\src\hotspot\share\interpreter\linkResolver.cpp, line 759]
Event: 0.305 Thread 0x0000017c9809fc00 Exception <a 'java/lang/NoSuchMethodError'{0x000000071372ca78}: 'void java.lang.invoke.DirectMethodHandle$Holder.invokeStaticInit(java.lang.Object)'> (0x000000071372ca78) 
thrown [s\open\src\hotspot\share\interpreter\linkResolver.cpp, line 759]
Event: 0.446 Thread 0x0000017cfe594ed0 Implicit null exception at 0x0000017ca7490b03 to 0x0000017ca7490b80

VM Operations (12 events):
Event: 0.042 Executing VM operation: HandshakeAllThreads
Event: 0.042 Executing VM operation: HandshakeAllThreads done
Event: 0.178 Executing VM operation: HandshakeAllThreads
Event: 0.178 Executing VM operation: HandshakeAllThreads done
Event: 0.234 Executing VM operation: HandshakeAllThreads
Event: 0.234 Executing VM operation: HandshakeAllThreads done
Event: 0.281 Executing VM operation: HandshakeAllThreads
Event: 0.281 Executing VM operation: HandshakeAllThreads done
Event: 0.336 Executing VM operation: HandshakeAllThreads
Event: 0.336 Executing VM operation: HandshakeAllThreads done
Event: 0.397 Executing VM operation: ICBufferFull
Event: 0.397 Executing VM operation: ICBufferFull done

Events (20 events):
Event: 0.447 loading class sun/java2d/marlin/TransformingPathConsumer2D$PathTracer
Event: 0.447 loading class sun/java2d/marlin/TransformingPathConsumer2D$PathTracer done
Event: 0.447 loading class sun/java2d/marlin/TransformingPathConsumer2D$ClosedPathDetector
Event: 0.447 loading class sun/java2d/marlin/TransformingPathConsumer2D$ClosedPathDetector done
Event: 0.447 loading class sun/java2d/marlin/Helpers$PolyStack
Event: 0.447 loading class sun/java2d/marlin/Helpers$PolyStack done
Event: 0.447 loading class sun/java2d/marlin/DoubleArrayCache$Reference
Event: 0.447 loading class sun/java2d/marlin/DoubleArrayCache$Reference done
Event: 0.447 loading class sun/java2d/marlin/ByteArrayCache$Reference
Event: 0.447 loading class sun/java2d/marlin/ByteArrayCache$Reference done
Event: 0.447 loading class sun/java2d/marlin/TransformingPathConsumer2D$PathClipFilter
Event: 0.447 loading class sun/java2d/marlin/TransformingPathConsumer2D$PathClipFilter done
Event: 0.447 loading class sun/java2d/marlin/Helpers$IndexStack
Event: 0.447 loading class sun/java2d/marlin/Helpers$IndexStack done
Event: 0.447 loading class sun/java2d/marlin/IntArrayCache$Reference
Event: 0.447 loading class sun/java2d/marlin/IntArrayCache$Reference done
Event: 0.447 loading class sun/java2d/marlin/MarlinCache
Event: 0.447 loading class sun/java2d/marlin/MarlinCache done
Event: 0.447 loading class sun/java2d/marlin/OffHeapArray
Event: 0.447 loading class sun/java2d/marlin/OffHeapArray done


Dynamic libraries:
0x00007ff7c66f0000 - 0x00007ff7c6700000 	C:\Program Files\Java\jdk-17\bin\java.exe
0x00007ff9d8390000 - 0x00007ff9d85a7000 	C:\Windows\SYSTEM32\ntdll.dll
0x00007ff9d6b50000 - 0x00007ff9d6c14000 	C:\Windows\System32\KERNEL32.DLL
0x00007ff9d5900000 - 0x00007ff9d5cba000 	C:\Windows\System32\KERNELBASE.dll
0x00007ff9d5710000 - 0x00007ff9d5821000 	C:\Windows\System32\ucrtbase.dll
0x00007ff9b3230000 - 0x00007ff9b324b000 	C:\Program Files\Java\jdk-17\bin\VCRUNTIME140.dll
0x00007ff9a8f50000 - 0x00007ff9a8f69000 	C:\Program Files\Java\jdk-17\bin\jli.dll
0x00007ff9d7930000 - 0x00007ff9d79e2000 	C:\Windows\System32\ADVAPI32.dll
0x00007ff9d61b0000 - 0x00007ff9d6257000 	C:\Windows\System32\msvcrt.dll
0x00007ff9d6100000 - 0x00007ff9d61a7000 	C:\Windows\System32\sechost.dll
0x00007ff9d58d0000 - 0x00007ff9d58f8000 	C:\Windows\System32\bcrypt.dll
0x00007ff9d8020000 - 0x00007ff9d8134000 	C:\Windows\System32\RPCRT4.dll
0x00007ff9d7e70000 - 0x00007ff9d801e000 	C:\Windows\System32\USER32.dll
0x00007ff9d5660000 - 0x00007ff9d5686000 	C:\Windows\System32\win32u.dll
0x00007ff9d6c30000 - 0x00007ff9d6c59000 	C:\Windows\System32\GDI32.dll
0x00007ff9b5fc0000 - 0x00007ff9b6252000 	C:\Windows\WinSxS\amd64_microsoft.windows.common-controls_6595b64144ccf1df_6.0.22621.4541_none_2710d1c57384c085\COMCTL32.dll
0x00007ff9d5e30000 - 0x00007ff9d5f4b000 	C:\Windows\System32\gdi32full.dll
0x00007ff9d5830000 - 0x00007ff9d58ca000 	C:\Windows\System32\msvcp_win.dll
0x00007ff9cfd60000 - 0x00007ff9cfd6a000 	C:\Windows\SYSTEM32\VERSION.dll
0x00007ff9d68a0000 - 0x00007ff9d68d1000 	C:\Windows\System32\IMM32.DLL
0x00007ff9cb250000 - 0x00007ff9cb25c000 	C:\Program Files\Java\jdk-17\bin\vcruntime140_1.dll
0x00007ff98bf00000 - 0x00007ff98bf8e000 	C:\Program Files\Java\jdk-17\bin\msvcp140.dll
0x00007ff953600000 - 0x00007ff9541e0000 	C:\Program Files\Java\jdk-17\bin\server\jvm.dll
0x00007ff9d6c20000 - 0x00007ff9d6c28000 	C:\Windows\System32\PSAPI.DLL
0x00007ff9ccf70000 - 0x00007ff9ccf79000 	C:\Windows\SYSTEM32\WSOCK32.dll
0x00007ff9d7710000 - 0x00007ff9d7781000 	C:\Windows\System32\WS2_32.dll
0x00007ff9ce580000 - 0x00007ff9ce5b4000 	C:\Windows\SYSTEM32\WINMM.dll
0x00007ff9d4750000 - 0x00007ff9d4768000 	C:\Windows\SYSTEM32\kernel.appcore.dll
0x00007ff9ca5f0000 - 0x00007ff9ca5fa000 	C:\Program Files\Java\jdk-17\bin\jimage.dll
0x00007ff9d3100000 - 0x00007ff9d3332000 	C:\Windows\SYSTEM32\DBGHELP.DLL
0x00007ff9d6320000 - 0x00007ff9d66af000 	C:\Windows\System32\combase.dll
0x00007ff9d77a0000 - 0x00007ff9d7877000 	C:\Windows\System32\OLEAUT32.dll
0x00007ff9cc910000 - 0x00007ff9cc942000 	C:\Windows\SYSTEM32\dbgcore.DLL
0x00007ff9d5690000 - 0x00007ff9d570b000 	C:\Windows\System32\bcryptPrimitives.dll
0x00007ff9aa130000 - 0x00007ff9aa155000 	C:\Program Files\Java\jdk-17\bin\java.dll
0x00007ff988970000 - 0x00007ff988a47000 	C:\Program Files\Java\jdk-17\bin\jsvml.dll
0x00007ff9d6e90000 - 0x00007ff9d7708000 	C:\Windows\System32\SHELL32.dll
0x00007ff9d3560000 - 0x00007ff9d3e68000 	C:\Windows\SYSTEM32\windows.storage.dll
0x00007ff9d3420000 - 0x00007ff9d355f000 	C:\Windows\SYSTEM32\wintypes.dll
0x00007ff9d68e0000 - 0x00007ff9d69da000 	C:\Windows\System32\SHCORE.dll
0x00007ff9d6090000 - 0x00007ff9d60ee000 	C:\Windows\System32\shlwapi.dll
0x00007ff9d5590000 - 0x00007ff9d55bb000 	C:\Windows\SYSTEM32\profapi.dll
0x00007ff9aa850000 - 0x00007ff9aa869000 	C:\Program Files\Java\jdk-17\bin\net.dll
0x00007ff9cf2d0000 - 0x00007ff9cf406000 	C:\Windows\SYSTEM32\WINHTTP.dll
0x00007ff9d4bd0000 - 0x00007ff9d4c39000 	C:\Windows\system32\mswsock.dll
0x00007ff9a9e10000 - 0x00007ff9a9e26000 	C:\Program Files\Java\jdk-17\bin\nio.dll
0x00007ff9a9860000 - 0x00007ff9a9878000 	C:\Program Files\Java\jdk-17\bin\zip.dll
0x00007ff9886f0000 - 0x00007ff988881000 	C:\Program Files\Java\jdk-17\bin\awt.dll
0x00007ff9d0160000 - 0x00007ff9d01f7000 	C:\Windows\SYSTEM32\apphelp.dll
0x00007ff9d27c0000 - 0x00007ff9d27eb000 	C:\Windows\system32\DWMAPI.DLL
0x00007ff9d2540000 - 0x00007ff9d25f1000 	C:\Windows\system32\uxtheme.dll
0x00007ff986940000 - 0x00007ff986a40000 	C:\Windows\system32\opengl32.dll
0x00007ff9a7490000 - 0x00007ff9a74bd000 	C:\Windows\SYSTEM32\GLU32.dll
0x00007ff9d2660000 - 0x00007ff9d2697000 	C:\Windows\SYSTEM32\dxcore.dll
0x00007ff9b3ab0000 - 0x00007ff9b3be3000 	C:\ProgramData\A-Volute\A-Volute.Nahimic\Modules\Scheduled\x64\AudioDevProps2.dll
0x00007ff9d6c60000 - 0x00007ff9d6e05000 	C:\Windows\System32\ole32.dll
0x00007ff9d69e0000 - 0x00007ff9d6b41000 	C:\Windows\System32\MSCTF.dll
0x00007ff9bad40000 - 0x00007ff9bad50000 	C:\Program Files\Java\jdk-17\bin\verify.dll
0x00007ff98af20000 - 0x00007ff98afa7000 	C:\Program Files\Java\jdk-17\bin\freetype.dll
0x00007ff982f40000 - 0x00007ff983021000 	C:\Program Files\Java\jdk-17\bin\fontmanager.dll
0x00007ff9d7880000 - 0x00007ff9d7930000 	C:\Windows\System32\clbcatq.dll
0x00007ff9d22d0000 - 0x00007ff9d2480000 	C:\Windows\SYSTEM32\WindowsCodecs.dll
0x00007ff9a8ef0000 - 0x00007ff9a8f4e000 	C:\Windows\system32\dataexchange.dll
0x00007ff9d1130000 - 0x00007ff9d13d4000 	C:\Windows\system32\twinapi.appcore.dll
0x00007ff9ae240000 - 0x00007ff9ae385000 	C:\Windows\SYSTEM32\textinputframework.dll

dbghelp: loaded successfully - version: 4.0.5 - missing functions: none
symbol engine: initialized successfully - sym options: 0x614 - pdb path: .;C:\Program Files\Java\jdk-17\bin;C:\Windows\SYSTEM32;C:\Windows\WinSxS\amd64_microsoft.windows.common-controls_6595b64144ccf1df_6.0.22621.4541_none_2710d1c57384c085;C:\Program Files\Java\jdk-17\bin\server;C:\ProgramData\A-Volute\A-Volute.Nahimic\Modules\Scheduled\x64

VM Arguments:
jvm_args: -Dfile.encoding=UTF-8 --module-path=C:\Users\shiva\OneDrive\Documents\NetBeansProjects\bank management system\build\classes 
java_command: bank.management.system.SignUpOne
java_class_path (initial): C:\Users\shiva\Downloads\jcalendar-tz-1.3.3-4.jar;C:\Users\shiva\OneDrive\Documents\NetBeansProjects\bank management system\build\classes
Launcher Type: SUN_STANDARD

[Global flags]
     intx CICompilerCount                          = 4                                         {product} {ergonomic}
     uint ConcGCThreads                            = 3                                         {product} {ergonomic}
     uint G1ConcRefinementThreads                  = 10                                        {product} {ergonomic}
   size_t G1HeapRegionSize                         = 2097152                                   {product} {ergonomic}
    uintx GCDrainStackTargetSize                   = 64                                        {product} {ergonomic}
   size_t InitialHeapSize                          = 264241152                                 {product} {ergonomic}
   size_t MarkStackSize                            = 4194304                                   {product} {ergonomic}
   size_t MaxHeapSize                              = 4223664128                                {product} {ergonomic}
   size_t MaxNewSize                               = 2533359616                                {product} {ergonomic}
   size_t MinHeapDeltaBytes                        = 2097152                                   {product} {ergonomic}
   size_t MinHeapSize                              = 8388608                                   {product} {ergonomic}
    uintx NonNMethodCodeHeapSize                   = 5839372                                {pd product} {ergonomic}
    uintx NonProfiledCodeHeapSize                  = 122909434                              {pd product} {ergonomic}
    uintx ProfiledCodeHeapSize                     = 122909434                              {pd product} {ergonomic}
    uintx ReservedCodeCacheSize                    = 251658240                              {pd product} {ergonomic}
     bool SegmentedCodeCache                       = true                                      {product} {ergonomic}
   size_t SoftMaxHeapSize                          = 4223664128                             {manageable} {ergonomic}
     bool UseCompressedClassPointers               = true                           {product lp64_product} {ergonomic}
     bool UseCompressedOops                        = true                           {product lp64_product} {ergonomic}
     bool UseG1GC                                  = true                                      {product} {ergonomic}
     bool UseLargePagesIndividualAllocation        = false                                  {pd product} {ergonomic}

Logging:
Log output configuration:
 #0: stdout all=warning uptime,level,tags
 #1: stderr all=off uptime,level,tags

Environment Variables:
PATH=C:\Program Files\Common Files\Oracle\Java\javapath;C:\Program Files (x86)\Common Files\Oracle\Java\javapath;C:\Windows\system32;C:\Windows;C:\Windows\System32\Wbem;C:\Windows\System32\WindowsPowerShell\v1.0\;C:\Windows\System32\OpenSSH\;C:\Program Files (x86)\NVIDIA Corporation\PhysX\Common;C:\Program Files\NVIDIA Corporation\NVIDIA NvDLISR;E:\Microsoft VS Code\bin;C:\Program Files\Java\jdk-17\bin;C:\Program Files\MySQL\MySQL Shell 8.0\bin\;C:\Users\shiva\AppData\Local\Microsoft\WindowsApps;E:\Microsoft VS Code\bin;C:\Program Files\Java\jdk-22\bin;C:\Users\shiva\Downloads\x86_64-8.1.0-release-posix-seh-rt_v6-rev0 (1)\mingw64\bin;E:\sys\ucrt64\bin;
USERNAME=shiva
OS=Windows_NT
PROCESSOR_IDENTIFIER=Intel64 Family 6 Model 154 Stepping 3, GenuineIntel



---------------  S Y S T E M  ---------------

OS:
 Windows 11 , 64 bit Build 22621 (10.0.22621.4391)
OS uptime: 10 days 18:17 hours
Hyper-V role detected

CPU: total 12 (initial active 12) (6 cores per cpu, 2 threads per core) family 6 model 154 stepping 3 microcode 0x420, cx8, cmov, fxsr, ht, mmx, 3dnowpref, sse, sse2, sse3, ssse3, sse4.1, sse4.2, popcnt, lzcnt, tsc, tscinvbit, avx, avx2, aes, erms, clmul, bmi1, bmi2, adx, sha, fma, vzeroupper, clflush, clflushopt, clwb, hv

Memory: 4k page, system-wide physical 16108M (5638M free)
TotalPageFile size 32995M (AvailPageFile size 5M)
current process WorkingSet (physical memory assigned to process): 86M, peak: 86M
current process commit charge ("private bytes"): 366M, peak: 367M

vm_info: Java HotSpot(TM) 64-Bit Server VM (17.0.12+8-LTS-286) for windows-amd64 JRE (17.0.12+8-LTS-286), built on Jun  5 2024 06:46:59 by "mach5one" with MS VC++ 17.6 (VS2022)

END.
