#
# There is insufficient memory for the Java Runtime Environment to continue.
# Native memory allocation (mmap) failed to map 264241152 bytes for G1 virtual space
# Possible reasons:
#   The system is out of physical RAM or swap space
#   The process is running with CompressedOops enabled, and the Java Heap may be blocking the growth of the native heap
# Possible solutions:
#   Reduce memory load on the system
#   Increase physical memory or swap space
#   Check if swap backing store is full
#   Decrease Java heap size (-Xmx/-Xms)
#   Decrease number of Java threads
#   Decrease Java thread stack sizes (-Xss)
#   Set larger code cache with -XX:ReservedCodeCacheSize=
#   JVM is running with Zero Based Compressed Oops mode in which the Java heap is
#     placed in the first 32GB address space. The Java Heap base address is the
#     maximum limit for the native heap growth. Please use -XX:HeapBaseMinAddress
#     to set the Java Heap base and to place the Java Heap above 32GB virtual address.
# This output file may be truncated or incomplete.
#
#  Out of Memory Error (os_windows.cpp:3548), pid=9184, tid=25528
#
# JRE version:  (17.0.12+8) (build )
# Java VM: Java HotSpot(TM) 64-Bit Server VM (17.0.12+8-LTS-286, mixed mode, sharing, tiered, compressed oops, compressed class ptrs, g1 gc, windows-amd64)
# No core dump will be written. Minidumps are not enabled by default on client versions of Windows
#

---------------  S U M M A R Y ------------

Command Line: -Dfile.encoding=UTF-8 --module-path=C:\Users\shiva\OneDrive\Documents\NetBeansProjects\bank management system\build\classes bank.management.system.SignUpOne

Host: 12th Gen Intel(R) Core(TM) i5-12450H, 12 cores, 15G,  Windows 11 , 64 bit Build 22621 (10.0.22621.4391)
Time: Sun Jan 26 04:19:12 2025 India Standard Time elapsed time: 0.008530 seconds (0d 0h 0m 0s)

---------------  T H R E A D  ---------------

Current thread (0x000001b4d1390950):  JavaThread "Unknown thread" [_thread_in_vm, id=25528, stack(0x0000008e67500000,0x0000008e67600000)]

Stack: [0x0000008e67500000,0x0000008e67600000]
Native frames: (J=compiled Java code, j=interpreted, Vv=VM code, C=native code)
V  [jvm.dll+0x67a04a]
V  [jvm.dll+0x7da4ed]
V  [jvm.dll+0x7dbe33]
V  [jvm.dll+0x7dc4a3]
V  [jvm.dll+0x24508f]
V  [jvm.dll+0x677089]
V  [jvm.dll+0x66bd32]
V  [jvm.dll+0x301fa6]
V  [jvm.dll+0x309546]
V  [jvm.dll+0x359d2e]
V  [jvm.dll+0x359f5f]
V  [jvm.dll+0x2d9078]
V  [jvm.dll+0x2d9fe4]
V  [jvm.dll+0x7aca21]
V  [jvm.dll+0x367591]
V  [jvm.dll+0x78b999]
V  [jvm.dll+0x3ec83f]
V  [jvm.dll+0x3ee471]
C  [jli.dll+0x5297]
C  [ucrtbase.dll+0x29333]
C  [KERNEL32.DLL+0x1259d]
C  [ntdll.dll+0x5af38]


---------------  P R O C E S S  ---------------

Threads class SMR info:
_java_thread_list=0x00007ff9540b7a18, length=0, elements={
}

Java Threads: ( => current thread )

Other Threads:
  0x000001b4d13fb450 GCTaskThread "GC Thread#0" [stack: 0x0000008e67600000,0x0000008e67700000] [id=26424]
  0x000001b4d144b010 ConcurrentGCThread "G1 Main Marker" [stack: 0x0000008e67700000,0x0000008e67800000] [id=25984]
  0x000001b4d144c1c0 ConcurrentGCThread "G1 Conc#0" [stack: 0x0000008e67800000,0x0000008e67900000] [id=18096]

[error occurred during error reporting (printing all threads), id 0xc0000005, EXCEPTION_ACCESS_VIOLATION (0xc0000005) at pc=0x00007ff9538e9b67]

VM state: not at safepoint (not fully initialized)

VM Mutex/Monitor currently owned by a thread:  ([mutex/lock_event])
[0x000001b4d138be00] Heap_lock - owner thread: 0x000001b4d1390950

Heap address: 0x0000000704400000, size: 4028 MB, Compressed Oops mode: Zero based, Oop shift amount: 3

CDS archive(s) mapped at: [0x0000000000000000-0x0000000000000000-0x0000000000000000), size 0, SharedBaseAddress: 0x0000000800000000, ArchiveRelocationMode: 1.
Narrow klass base: 0x0000000000000000, Narrow klass shift: 0, Narrow klass range: 0x0

GC Precious Log:
<Empty>

Heap:
 garbage-first heap   total 0K, used 0K [0x0000000704400000, 0x0000000800000000)
  region size 2048K, 0 young (0K), 0 survivors (0K)

[error occurred during error reporting (printing heap information), id 0xc0000005, EXCEPTION_ACCESS_VIOLATION (0xc0000005) at pc=0x00007ff953cd3859]

GC Heap History (0 events):
No events

Deoptimization events (0 events):
No events

Classes unloaded (0 events):
No events

Classes redefined (0 events):
No events

Internal exceptions (0 events):
No events

VM Operations (0 events):
No events

Events (1 events):
Event: 0.006 Loaded shared library C:\Program Files\Java\jdk-17\bin\java.dll


Dynamic libraries:
0x00007ff7c66f0000 - 0x00007ff7c6700000 	C:\Program Files\Java\jdk-17\bin\java.exe
0x00007ff9d8390000 - 0x00007ff9d85a7000 	C:\Windows\SYSTEM32\ntdll.dll
0x00007ff9d6b50000 - 0x00007ff9d6c14000 	C:\Windows\System32\KERNEL32.DLL
0x00007ff9d5900000 - 0x00007ff9d5cba000 	C:\Windows\System32\KERNELBASE.dll
0x00007ff9d0160000 - 0x00007ff9d01f7000 	C:\Windows\SYSTEM32\apphelp.dll
0x00007ff9d5710000 - 0x00007ff9d5821000 	C:\Windows\System32\ucrtbase.dll
0x00007ff9b3230000 - 0x00007ff9b324b000 	C:\Program Files\Java\jdk-17\bin\VCRUNTIME140.dll
0x00007ff9a8f50000 - 0x00007ff9a8f69000 	C:\Program Files\Java\jdk-17\bin\jli.dll
0x00007ff9d7930000 - 0x00007ff9d79e2000 	C:\Windows\System32\ADVAPI32.dll
0x00007ff9d61b0000 - 0x00007ff9d6257000 	C:\Windows\System32\msvcrt.dll
0x00007ff9d6100000 - 0x00007ff9d61a7000 	C:\Windows\System32\sechost.dll
0x00007ff9d58d0000 - 0x00007ff9d58f8000 	C:\Windows\System32\bcrypt.dll
0x00007ff9d8020000 - 0x00007ff9d8134000 	C:\Windows\System32\RPCRT4.dll
0x00007ff9d7e70000 - 0x00007ff9d801e000 	C:\Windows\System32\USER32.dll
0x00007ff9d5660000 - 0x00007ff9d5686000 	C:\Windows\System32\win32u.dll
0x00007ff9d6c30000 - 0x00007ff9d6c59000 	C:\Windows\System32\GDI32.dll
0x00007ff9d5e30000 - 0x00007ff9d5f4b000 	C:\Windows\System32\gdi32full.dll
0x00007ff9d5830000 - 0x00007ff9d58ca000 	C:\Windows\System32\msvcp_win.dll
0x00007ff9b5fc0000 - 0x00007ff9b6252000 	C:\Windows\WinSxS\amd64_microsoft.windows.common-controls_6595b64144ccf1df_6.0.22621.4541_none_2710d1c57384c085\COMCTL32.dll
0x00007ff9cfd60000 - 0x00007ff9cfd6a000 	C:\Windows\SYSTEM32\VERSION.dll
0x00007ff9d68a0000 - 0x00007ff9d68d1000 	C:\Windows\System32\IMM32.DLL
0x00007ff9cb250000 - 0x00007ff9cb25c000 	C:\Program Files\Java\jdk-17\bin\vcruntime140_1.dll
0x00007ff98bf00000 - 0x00007ff98bf8e000 	C:\Program Files\Java\jdk-17\bin\msvcp140.dll
0x00007ff953600000 - 0x00007ff9541e0000 	C:\Program Files\Java\jdk-17\bin\server\jvm.dll
0x00007ff9d6c20000 - 0x00007ff9d6c28000 	C:\Windows\System32\PSAPI.DLL
0x00007ff9ce580000 - 0x00007ff9ce5b4000 	C:\Windows\SYSTEM32\WINMM.dll
0x00007ff9ccf70000 - 0x00007ff9ccf79000 	C:\Windows\SYSTEM32\WSOCK32.dll
0x00007ff9d7710000 - 0x00007ff9d7781000 	C:\Windows\System32\WS2_32.dll
0x00007ff9d4750000 - 0x00007ff9d4768000 	C:\Windows\SYSTEM32\kernel.appcore.dll
0x00007ff9ca5f0000 - 0x00007ff9ca5fa000 	C:\Program Files\Java\jdk-17\bin\jimage.dll
0x00007ff9d3100000 - 0x00007ff9d3332000 	C:\Windows\SYSTEM32\DBGHELP.DLL
0x00007ff9d6320000 - 0x00007ff9d66af000 	C:\Windows\System32\combase.dll
0x00007ff9d77a0000 - 0x00007ff9d7877000 	C:\Windows\System32\OLEAUT32.dll
0x00007ff9cc910000 - 0x00007ff9cc942000 	C:\Windows\SYSTEM32\dbgcore.DLL
0x00007ff9d5690000 - 0x00007ff9d570b000 	C:\Windows\System32\bcryptPrimitives.dll
0x00007ff9aa130000 - 0x00007ff9aa155000 	C:\Program Files\Java\jdk-17\bin\java.dll

dbghelp: loaded successfully - version: 4.0.5 - missing functions: none
symbol engine: initialized successfully - sym options: 0x614 - pdb path: .;C:\Program Files\Java\jdk-17\bin;C:\Windows\SYSTEM32;C:\Windows\WinSxS\amd64_microsoft.windows.common-controls_6595b64144ccf1df_6.0.22621.4541_none_2710d1c57384c085;C:\Program Files\Java\jdk-17\bin\server

VM Arguments:
jvm_args: -Dfile.encoding=UTF-8 --module-path=C:\Users\shiva\OneDrive\Documents\NetBeansProjects\bank management system\build\classes 
java_command: bank.management.system.SignUpOne
java_class_path (initial): C:\Users\shiva\Downloads\jcalendar-tz-1.3.3-4.jar;C:\Users\shiva\OneDrive\Documents\NetBeansProjects\bank management system\build\classes
Launcher Type: SUN_STANDARD

[Global flags]
     intx CICompilerCount                          = 4                                         {product} {ergonomic}
     uint ConcGCThreads                            = 3                                         {product} {ergonomic}
     uint G1ConcRefinementThreads                  = 10                                        {product} {ergonomic}
   size_t G1HeapRegionSize                         = 2097152                                   {product} {ergonomic}
    uintx GCDrainStackTargetSize                   = 64                                        {product} {ergonomic}
   size_t InitialHeapSize                          = 264241152                                 {product} {ergonomic}
   size_t MarkStackSize                            = 4194304                                   {product} {ergonomic}
   size_t MaxHeapSize                              = 4223664128                                {product} {ergonomic}
   size_t MinHeapDeltaBytes                        = 2097152                                   {product} {ergonomic}
   size_t MinHeapSize                              = 8388608                                   {product} {ergonomic}
    uintx NonNMethodCodeHeapSize                   = 5839372                                {pd product} {ergonomic}
    uintx NonProfiledCodeHeapSize                  = 122909434                              {pd product} {ergonomic}
    uintx ProfiledCodeHeapSize                     = 122909434                              {pd product} {ergonomic}
    uintx ReservedCodeCacheSize                    = 251658240                              {pd product} {ergonomic}
     bool SegmentedCodeCache                       = true                                      {product} {ergonomic}
   size_t SoftMaxHeapSize                          = 4223664128                             {manageable} {ergonomic}
     bool UseCompressedClassPointers               = true                           {product lp64_product} {ergonomic}
     bool UseCompressedOops                        = true                           {product lp64_product} {ergonomic}
     bool UseG1GC                                  = true                                      {product} {ergonomic}
     bool UseLargePagesIndividualAllocation        = false                                  {pd product} {ergonomic}

Logging:
Log output configuration:
 #0: stdout all=warning uptime,level,tags
 #1: stderr all=off uptime,level,tags

Environment Variables:
PATH=C:\Program Files\Common Files\Oracle\Java\javapath;C:\Program Files (x86)\Common Files\Oracle\Java\javapath;C:\Windows\system32;C:\Windows;C:\Windows\System32\Wbem;C:\Windows\System32\WindowsPowerShell\v1.0\;C:\Windows\System32\OpenSSH\;C:\Program Files (x86)\NVIDIA Corporation\PhysX\Common;C:\Program Files\NVIDIA Corporation\NVIDIA NvDLISR;E:\Microsoft VS Code\bin;C:\Program Files\Java\jdk-17\bin;C:\Program Files\MySQL\MySQL Shell 8.0\bin\;C:\Users\shiva\AppData\Local\Microsoft\WindowsApps;E:\Microsoft VS Code\bin;C:\Program Files\Java\jdk-22\bin;C:\Users\shiva\Downloads\x86_64-8.1.0-release-posix-seh-rt_v6-rev0 (1)\mingw64\bin;E:\sys\ucrt64\bin;
USERNAME=shiva
OS=Windows_NT
PROCESSOR_IDENTIFIER=Intel64 Family 6 Model 154 Stepping 3, GenuineIntel



---------------  S Y S T E M  ---------------

OS:
 Windows 11 , 64 bit Build 22621 (10.0.22621.4391)
OS uptime: 10 days 18:07 hours
Hyper-V role detected

CPU: total 12 (initial active 12) (6 cores per cpu, 2 threads per core) family 6 model 154 stepping 3 microcode 0x420, cx8, cmov, fxsr, ht, mmx, 3dnowpref, sse, sse2, sse3, ssse3, sse4.1, sse4.2, popcnt, lzcnt, tsc, tscinvbit, avx, avx2, aes, erms, clmul, bmi1, bmi2, adx, sha, fma, vzeroupper, clflush, clflushopt, clwb, hv

Memory: 4k page, system-wide physical 16108M (5239M free)
TotalPageFile size 32995M (AvailPageFile size 186M)
current process WorkingSet (physical memory assigned to process): 12M, peak: 12M
current process commit charge ("private bytes"): 64M, peak: 316M

vm_info: Java HotSpot(TM) 64-Bit Server VM (17.0.12+8-LTS-286) for windows-amd64 JRE (17.0.12+8-LTS-286), built on Jun  5 2024 06:46:59 by "mach5one" with MS VC++ 17.6 (VS2022)

END.
